Arguments: 
  /home/anon/.nvm/versions/node/v14.13.1/bin/node /home/anon/.nvm/versions/node/v14.13.1/bin/yarn add telebot

PATH: 
  /home/anon/.local/bin:/home/anon/.nvm/versions/node/v14.13.1/bin:/home/anon/.local/bin:/usr/local/sbin:/usr/local/bin:/usr/sbin:/usr/bin:/sbin:/bin:/usr/games:/usr/local/games:/snap/bin

Yarn version: 
  1.22.10

Node version: 
  14.13.1

Platform: 
  linux x64

Trace: 
  SyntaxError: /home/anon/dev/laciobot/package.json: Unexpected token } in JSON at position 561
      at JSON.parse (<anonymous>)
      at /home/anon/.nvm/versions/node/v14.13.1/lib/node_modules/yarn/lib/cli.js:1625:59
      at Generator.next (<anonymous>)
      at step (/home/anon/.nvm/versions/node/v14.13.1/lib/node_modules/yarn/lib/cli.js:310:30)
      at /home/anon/.nvm/versions/node/v14.13.1/lib/node_modules/yarn/lib/cli.js:321:13

npm manifest: 
  {
    "name": "bossbot",
    "version": "1.0.0",
    "description": "A Telegram bot to add to your groups",
    "main": "index.js",
    "scripts": {
      "test": "npm test"
    },
    "repository": {
      "type": "git",
      "url": "git+https://github.com/manuasir/laciobot.git"
    },
    "keywords": [
      "telegram",
      "bot",
      "nodejs",
      "javascript",
      "es6",
      "standard"
    ],
    "author": "Manuel J. Bernal",
    "license": "MIT",
    "bugs": {
      "url": "https://github.com/manuasir/laciobot/issues"
    },
    "homepage": "https://github.com/manuasir/laciobot#readme",
  
  }

yarn manifest: 
  No manifest

Lockfile: 
  No lockfile
